<?xml version="1.0" encoding="UTF-8"?>
<!-- Generated by org.testng.reporters.JUnitXMLReporter -->
<testsuite ignored="0" hostname="LAPTOP-8TP6OQIJ" failures="1" tests="2" name="Test" time="14.474" errors="0" timestamp="2022-12-08T09:06:37 IST">
  <testcase classname="testCases.LoginTestCase" name="login" time="0.653">
    <failure type="java.lang.AssertionError" message="The following asserts failed:
	expected [Please check your username password. If you still can&amp;apos;t log in, contact your Salesforce administrator.] but found [Please check your username and password. If you still can&amp;apos;t log in, contact your Salesforce administrator.]">
      <![CDATA[java.lang.AssertionError: The following asserts failed:
expected [Please check your username password. If you still can't log in, contact your Salesforce administrator.] but found [Please check your username and password. If you still can't log in, contact your Salesforce administrator.]
at Resources.commonMethods.handleAssertion(commonMethods.java:29)
at testCases.LoginTestCase.login(LoginTestCase.java:27)
at java.base/java.util.ArrayList.forEach(ArrayList.java:1511)
... Removed 29 stack frames]]>
    </failure>
  </testcase> <!-- login -->
  <testcase classname="testCases.signupTestCase" name="verifySignup" time="6.327"/>
</testsuite> <!-- Test -->
